<?xml version="1.0" encoding="utf-8"?><testsuites><testsuite name="pytest" errors="0" failures="0" skipped="0" tests="96" time="1.771" timestamp="2025-12-17T07:16:14.981671" hostname="86af3bbf2da5"><testcase classname="tests.unit.api_keys.test_api.TestGetAvailableScopes" name="test_get_scopes_success" time="0.054" /><testcase classname="tests.unit.api_keys.test_api.TestGetAvailableScopes" name="test_get_scopes_format" time="0.016" /><testcase classname="tests.unit.api_keys.test_api.TestListAPIKeys" name="test_list_keys_empty" time="0.022" /><testcase classname="tests.unit.api_keys.test_api.TestListAPIKeys" name="test_list_keys_with_keys" time="0.031" /><testcase classname="tests.unit.api_keys.test_api.TestListAPIKeys" name="test_list_keys_excludes_other_orgs" time="0.023" /><testcase classname="tests.unit.api_keys.test_api.TestListAPIKeys" name="test_list_keys_excludes_revoked_by_default" time="0.024" /><testcase classname="tests.unit.api_keys.test_api.TestListAPIKeys" name="test_list_keys_includes_revoked_when_requested" time="0.025" /><testcase classname="tests.unit.api_keys.test_api.TestCreateAPIKey" name="test_create_key_success" time="0.020" /><testcase classname="tests.unit.api_keys.test_api.TestCreateAPIKey" name="test_create_key_with_multiple_scopes" time="0.018" /><testcase classname="tests.unit.api_keys.test_api.TestCreateAPIKey" name="test_create_key_with_expiration" time="0.043" /><testcase classname="tests.unit.api_keys.test_api.TestCreateAPIKey" name="test_create_key_invalid_scope" time="0.015" /><testcase classname="tests.unit.api_keys.test_api.TestCreateAPIKey" name="test_create_key_empty_scopes" time="0.016" /><testcase classname="tests.unit.api_keys.test_api.TestCreateAPIKey" name="test_create_key_missing_name" time="0.017" /><testcase classname="tests.unit.api_keys.test_api.TestGetAPIKey" name="test_get_key_success" time="0.019" /><testcase classname="tests.unit.api_keys.test_api.TestGetAPIKey" name="test_get_key_not_found" time="0.014" /><testcase classname="tests.unit.api_keys.test_api.TestGetAPIKey" name="test_get_key_wrong_org" time="0.018" /><testcase classname="tests.unit.api_keys.test_api.TestUpdateAPIKey" name="test_update_name" time="0.022" /><testcase classname="tests.unit.api_keys.test_api.TestUpdateAPIKey" name="test_update_scopes" time="0.020" /><testcase classname="tests.unit.api_keys.test_api.TestUpdateAPIKey" name="test_update_invalid_scope" time="0.018" /><testcase classname="tests.unit.api_keys.test_api.TestUpdateAPIKey" name="test_update_not_found" time="0.015" /><testcase classname="tests.unit.api_keys.test_api.TestRevokeAPIKey" name="test_revoke_success" time="0.020" /><testcase classname="tests.unit.api_keys.test_api.TestRevokeAPIKey" name="test_revoke_not_found" time="0.015" /><testcase classname="tests.unit.api_keys.test_api.TestDeleteAPIKey" name="test_delete_success" time="0.025" /><testcase classname="tests.unit.api_keys.test_api.TestDeleteAPIKey" name="test_delete_not_found" time="0.018" /><testcase classname="tests.unit.api_keys.test_api.TestValidateAPIKey" name="test_validate_valid_key" time="0.021" /><testcase classname="tests.unit.api_keys.test_api.TestValidateAPIKey" name="test_validate_invalid_key" time="0.018" /><testcase classname="tests.unit.api_keys.test_api.TestValidateAPIKey" name="test_validate_revoked_key" time="0.024" /><testcase classname="tests.unit.api_keys.test_api.TestValidateAPIKey" name="test_validate_missing_header" time="0.016" /><testcase classname="tests.unit.api_keys.test_api.TestAPIKeyResponseFormats" name="test_created_response_contains_all_fields" time="0.020" /><testcase classname="tests.unit.api_keys.test_api.TestAPIKeyResponseFormats" name="test_list_response_format" time="0.020" /><testcase classname="tests.unit.api_keys.test_api.TestAPIKeyResponseFormats" name="test_key_response_does_not_contain_secret" time="0.020" /><testcase classname="tests.unit.api_keys.test_models.TestHelperFunctions" name="test_generate_uuid_returns_string" time="0.000" /><testcase classname="tests.unit.api_keys.test_models.TestHelperFunctions" name="test_generate_uuid_is_unique" time="0.001" /><testcase classname="tests.unit.api_keys.test_models.TestHelperFunctions" name="test_utc_now_returns_aware_datetime" time="0.000" /><testcase classname="tests.unit.api_keys.test_models.TestHelperFunctions" name="test_utc_now_is_current_time" time="0.000" /><testcase classname="tests.unit.api_keys.test_models.TestHelperFunctions" name="test_generate_api_key_has_prefix" time="0.000" /><testcase classname="tests.unit.api_keys.test_models.TestHelperFunctions" name="test_generate_api_key_is_long_enough" time="0.000" /><testcase classname="tests.unit.api_keys.test_models.TestHelperFunctions" name="test_generate_api_key_is_unique" time="0.000" /><testcase classname="tests.unit.api_keys.test_models.TestAPIKeyScope" name="test_all_scopes_exist" time="0.000" /><testcase classname="tests.unit.api_keys.test_models.TestAPIKeyScope" name="test_scope_values_format" time="0.000" /><testcase classname="tests.unit.api_keys.test_models.TestAPIKeyScope" name="test_scope_is_string_enum" time="0.000" /><testcase classname="tests.unit.api_keys.test_models.TestAPIKeyModel" name="test_api_key_creation" time="0.000" /><testcase classname="tests.unit.api_keys.test_models.TestAPIKeyModel" name="test_scopes_property_getter" time="0.000" /><testcase classname="tests.unit.api_keys.test_models.TestAPIKeyModel" name="test_scopes_property_getter_empty" time="0.000" /><testcase classname="tests.unit.api_keys.test_models.TestAPIKeyModel" name="test_scopes_property_setter" time="0.000" /><testcase classname="tests.unit.api_keys.test_models.TestAPIKeyModel" name="test_scopes_property_setter_empty" time="0.001" /><testcase classname="tests.unit.api_keys.test_models.TestAPIKeyModel" name="test_is_expired_no_expiration" time="0.000" /><testcase classname="tests.unit.api_keys.test_models.TestAPIKeyModel" name="test_is_expired_future_expiration" time="0.000" /><testcase classname="tests.unit.api_keys.test_models.TestAPIKeyModel" name="test_is_expired_past_expiration" time="0.000" /><testcase classname="tests.unit.api_keys.test_models.TestAPIKeyModel" name="test_is_valid_active_not_expired" time="0.000" /><testcase classname="tests.unit.api_keys.test_models.TestAPIKeyModel" name="test_is_valid_inactive" time="0.000" /><testcase classname="tests.unit.api_keys.test_models.TestAPIKeyModel" name="test_is_valid_expired" time="0.000" /><testcase classname="tests.unit.api_keys.test_models.TestAPIKeyModel" name="test_has_scope_present" time="0.000" /><testcase classname="tests.unit.api_keys.test_models.TestAPIKeyModel" name="test_has_scope_missing" time="0.000" /><testcase classname="tests.unit.api_keys.test_models.TestAPIKeyModel" name="test_to_dict" time="0.000" /><testcase classname="tests.unit.api_keys.test_models.TestAPIKeyModel" name="test_to_dict_with_nulls" time="0.000" /><testcase classname="tests.unit.api_keys.test_models.TestAPIKeyModel" name="test_repr" time="0.000" /><testcase classname="tests.unit.api_keys.test_service.TestHashAPIKey" name="test_hash_returns_string" time="0.000" /><testcase classname="tests.unit.api_keys.test_service.TestHashAPIKey" name="test_hash_is_consistent" time="0.000" /><testcase classname="tests.unit.api_keys.test_service.TestHashAPIKey" name="test_hash_is_different_for_different_keys" time="0.000" /><testcase classname="tests.unit.api_keys.test_service.TestHashAPIKey" name="test_hash_is_hex_string" time="0.000" /><testcase classname="tests.unit.api_keys.test_service.TestAPIKeyService" name="test_service_initialization" time="0.008" /><testcase classname="tests.unit.api_keys.test_service.TestAPIKeyService" name="test_service_default_database" time="0.008" /><testcase classname="tests.unit.api_keys.test_service.TestAPIKeyService" name="test_create_key_returns_tuple" time="0.012" /><testcase classname="tests.unit.api_keys.test_service.TestAPIKeyService" name="test_create_key_stores_hash_not_plain" time="0.011" /><testcase classname="tests.unit.api_keys.test_service.TestAPIKeyService" name="test_create_key_sets_fields" time="0.010" /><testcase classname="tests.unit.api_keys.test_service.TestAPIKeyService" name="test_create_key_sets_prefix" time="0.012" /><testcase classname="tests.unit.api_keys.test_service.TestAPIKeyService" name="test_create_key_is_active_by_default" time="0.009" /><testcase classname="tests.unit.api_keys.test_service.TestAPIKeyService" name="test_create_key_has_unique_id" time="0.015" /><testcase classname="tests.unit.api_keys.test_service.TestAPIKeyService" name="test_get_key_returns_key" time="0.012" /><testcase classname="tests.unit.api_keys.test_service.TestAPIKeyService" name="test_get_key_with_org_filter" time="0.011" /><testcase classname="tests.unit.api_keys.test_service.TestAPIKeyService" name="test_get_key_not_found" time="0.009" /><testcase classname="tests.unit.api_keys.test_service.TestAPIKeyService" name="test_list_keys_returns_org_keys" time="0.017" /><testcase classname="tests.unit.api_keys.test_service.TestAPIKeyService" name="test_list_keys_excludes_revoked_by_default" time="0.013" /><testcase classname="tests.unit.api_keys.test_service.TestAPIKeyService" name="test_list_keys_includes_revoked_when_requested" time="0.014" /><testcase classname="tests.unit.api_keys.test_service.TestAPIKeyService" name="test_list_keys_excludes_expired_by_default" time="0.013" /><testcase classname="tests.unit.api_keys.test_service.TestAPIKeyService" name="test_list_keys_includes_expired_when_requested" time="0.013" /><testcase classname="tests.unit.api_keys.test_service.TestAPIKeyService" name="test_list_keys_empty_org" time="0.008" /><testcase classname="tests.unit.api_keys.test_service.TestAPIKeyService" name="test_validate_key_valid" time="0.014" /><testcase classname="tests.unit.api_keys.test_service.TestAPIKeyService" name="test_validate_key_updates_usage" time="0.017" /><testcase classname="tests.unit.api_keys.test_service.TestAPIKeyService" name="test_validate_key_invalid" time="0.010" /><testcase classname="tests.unit.api_keys.test_service.TestAPIKeyService" name="test_validate_key_revoked" time="0.014" /><testcase classname="tests.unit.api_keys.test_service.TestAPIKeyService" name="test_validate_key_expired" time="0.011" /><testcase classname="tests.unit.api_keys.test_service.TestAPIKeyService" name="test_revoke_key_success" time="0.013" /><testcase classname="tests.unit.api_keys.test_service.TestAPIKeyService" name="test_revoke_key_not_found" time="0.012" /><testcase classname="tests.unit.api_keys.test_service.TestAPIKeyService" name="test_revoke_key_wrong_org" time="0.011" /><testcase classname="tests.unit.api_keys.test_service.TestAPIKeyService" name="test_delete_key_success" time="0.013" /><testcase classname="tests.unit.api_keys.test_service.TestAPIKeyService" name="test_delete_key_not_found" time="0.007" /><testcase classname="tests.unit.api_keys.test_service.TestAPIKeyService" name="test_delete_key_wrong_org" time="0.013" /><testcase classname="tests.unit.api_keys.test_service.TestAPIKeyService" name="test_update_key_name" time="0.015" /><testcase classname="tests.unit.api_keys.test_service.TestAPIKeyService" name="test_update_key_scopes" time="0.016" /><testcase classname="tests.unit.api_keys.test_service.TestAPIKeyService" name="test_update_key_both_fields" time="0.012" /><testcase classname="tests.unit.api_keys.test_service.TestAPIKeyService" name="test_update_key_not_found" time="0.007" /><testcase classname="tests.unit.api_keys.test_service.TestAPIKeyService" name="test_update_key_wrong_org" time="0.012" /><testcase classname="tests.unit.api_keys.test_service.TestGetAPIKeyServiceSingleton" name="test_singleton_returns_service" time="0.007" /><testcase classname="tests.unit.api_keys.test_service.TestGetAPIKeyServiceSingleton" name="test_singleton_returns_same_instance" time="0.007" /></testsuite></testsuites>